<?xml version="1.0" encoding="UTF-8"?>
<!-- Generated by org.testng.reporters.JUnitXMLReporter -->
<testsuite ignored="0" hostname="LAPTOP-EIQG1MUE" failures="0" tests="6" name="SCANC &gt; Relacionamento entre Quadros" time="691.062" errors="0" timestamp="24 Jul 2021 17:12:03 GMT">
  <testcase classname="com.timp.test.MDR.SCANC.RelacionamentoEntreQuadros.RelacionamentoEntreQuadrosCriar" name="criar" time="126.049"/>
  <testcase classname="com.timp.test.MDR.SCANC.RelacionamentoEntreQuadros.RelacionamentoEntreQuadrosEditar" name="editar" time="153.995"/>
  <testcase classname="com.timp.test.MDR.SCANC.RelacionamentoEntreQuadros.RelacionamentoEntreQuadrosFiltroID" name="filtro" time="64.223"/>
  <testcase classname="com.timp.test.MDR.SCANC.RelacionamentoEntreQuadros.RelacionamentoEntreQuadrosExcluir" name="excluir" time="102.922"/>
  <testcase classname="com.timp.test.MDR.SCANC.RelacionamentoEntreQuadros.RelacionamentoEntreQuadrosExcluirMassa" name="criar" time="184.222"/>
  <testcase classname="com.timp.test.MDR.SCANC.RelacionamentoEntreQuadros.RelacionamentoEntreQuadrosExcluirMassa" name="excluir" time="34.647"/>
</testsuite> <!-- SCANC > Relacionamento entre Quadros -->
